"Severity","ThreadID","Date","Time","Application","Message"
"ERROR","http-nio-8888-exec-9","05/14/2015","14:11:04","",";Page /index.cfm [/Users/lmajano/Sites/Presentations/messaging-polyglot/index.cfm] not found;Page /index.cfm [/Users/lmajano/Sites/Presentations/messaging-polyglot/index.cfm] not found
	at lucee.runtime.PageSourceImpl.loadPage(PageSourceImpl.java:915):915
	at lucee.runtime.PageContextImpl.doInclude(PageContextImpl.java:944):944
	at lucee.runtime.listener.ClassicAppListener._onRequest(ClassicAppListener.java:56):56
	at lucee.runtime.listener.MixedAppListener.onRequest(MixedAppListener.java:36):36
	at lucee.runtime.PageContextImpl.execute(PageContextImpl.java:2254):2254
	at lucee.runtime.PageContextImpl.execute(PageContextImpl.java:2221):2221
	at lucee.runtime.engine.CFMLEngineImpl.serviceCFML(CFMLEngineImpl.java:456):456
	at lucee.loader.servlet.CFMLServlet.service(Unknown Source):-1
	at javax.servlet.http.HttpServlet.service(HttpServlet.java:725):725
	at org.apache.catalina.core.ApplicationFilterChain.internalDoFilter(ApplicationFilterChain.java:291):291
	at org.apache.catalina.core.ApplicationFilterChain.doFilter(ApplicationFilterChain.java:206):206
	at org.apache.tomcat.websocket.server.WsFilter.doFilter(WsFilter.java:52):52
	at org.apache.catalina.core.ApplicationFilterChain.internalDoFilter(ApplicationFilterChain.java:239):239
	at org.apache.catalina.core.ApplicationFilterChain.doFilter(ApplicationFilterChain.java:206):206
	at sun.reflect.NativeMethodAccessorImpl.invoke0(Native Method):-2
	at sun.reflect.NativeMethodAccessorImpl.invoke(NativeMethodAccessorImpl.java:62):62
	at sun.reflect.DelegatingMethodAccessorImpl.invoke(DelegatingMethodAccessorImpl.java:43):43
	at java.lang.reflect.Method.invoke(Method.java:497):497
	at com.intergral.fusionreactor.j2ee.filterchain.WrappedFilterChain.doFilter(WrappedFilterChain.java:97):97
	at com.intergral.fusionreactor.j2ee.filter.FusionReactorRequestHandler.doNext(FusionReactorRequestHandler.java:472):472
	at com.intergral.fusionreactor.j2ee.filter.FusionReactorRequestHandler.doHttpServletRequest(FusionReactorRequestHandler.java:312):312
	at com.intergral.fusionreactor.j2ee.filter.FusionReactorRequestHandler.doFusionRequest(FusionReactorRequestHandler.java:192):192
	at com.intergral.fusionreactor.j2ee.filter.FusionReactorRequestHandler.handle(FusionReactorRequestHandler.java:507):507
	at com.intergral.fusionreactor.j2ee.filter.FusionReactorCoreFilter.doFilter(FusionReactorCoreFilter.java:36):36
	at sun.reflect.NativeMethodAccessorImpl.invoke0(Native Method):-2
	at sun.reflect.NativeMethodAccessorImpl.invoke(NativeMethodAccessorImpl.java:62):62
	at sun.reflect.DelegatingMethodAccessorImpl.invoke(DelegatingMethodAccessorImpl.java:43):43
	at java.lang.reflect.Method.invoke(Method.java:497):497
	at com.intergral.fusionreactor.j2ee.filterchain.WrappedFilterChain.doFilter(WrappedFilterChain.java:79):79
	at sun.reflect.NativeMethodAccessorImpl.invoke0(Native Method):-2
	at sun.reflect.NativeMethodAccessorImpl.invoke(NativeMethodAccessorImpl.java:62):62
	at sun.reflect.DelegatingMethodAccessorImpl.invoke(DelegatingMethodAccessorImpl.java:43):43
	at java.lang.reflect.Method.invoke(Method.java:497):497
	at com.intergral.fusionreactor.agent.filter.FusionReactorStaticFilter.doFilter(FusionReactorStaticFilter.java:53):53
	at com.intergral.fusionreactor.agent.pointcuts.NewFilterChainPointCut$1.invoke(NewFilterChainPointCut.java:41):41
	at org.apache.catalina.core.ApplicationFilterChain.doFilter(ApplicationFilterChain.java):-1
	at org.apache.catalina.core.StandardWrapperValve.invoke(StandardWrapperValve.java:219):219
	at org.apache.catalina.core.StandardContextValve.invoke(StandardContextValve.java:106):106
	at org.apache.catalina.authenticator.AuthenticatorBase.invoke(AuthenticatorBase.java:501):501
	at org.apache.catalina.core.StandardHostValve.invoke(StandardHostValve.java:142):142
	at org.apache.catalina.valves.ErrorReportValve.invoke(ErrorReportValve.java:79):79
	at org.apache.catalina.core.StandardEngineValve.invoke(StandardEngineValve.java:88):88
	at org.apache.catalina.connector.CoyoteAdapter.service(CoyoteAdapter.java:537):537
	at org.apache.coyote.http11.AbstractHttp11Processor.process(AbstractHttp11Processor.java:1085):1085
	at org.apache.coyote.AbstractProtocol$AbstractConnectionHandler.process(AbstractProtocol.java:658):658
	at org.apache.coyote.http11.Http11NioProtocol$Http11ConnectionHandler.process(Http11NioProtocol.java:222):222
	at org.apache.tomcat.util.net.NioEndpoint$SocketProcessor.doRun(NioEndpoint.java:1556):1556
	at org.apache.tomcat.util.net.NioEndpoint$SocketProcessor.run(NioEndpoint.java:1513):1513
	at java.util.concurrent.ThreadPoolExecutor.runWorker(ThreadPoolExecutor.java:1142):1142
	at java.util.concurrent.ThreadPoolExecutor$Worker.run(ThreadPoolExecutor.java:617):617
	at org.apache.tomcat.util.threads.TaskThread$WrappingRunnable.run(TaskThread.java:61):61
	at java.lang.Thread.run(Thread.java:745):745
"
"ERROR","http-nio-8888-exec-5","05/14/2015","14:11:24","",";Connection refused;Connection refused
	at java.net.PlainSocketImpl.socketConnect(Native Method):-2
	at java.net.AbstractPlainSocketImpl.doConnect(AbstractPlainSocketImpl.java:345):345
	at java.net.AbstractPlainSocketImpl.connectToAddress(AbstractPlainSocketImpl.java:206):206
	at java.net.AbstractPlainSocketImpl.connect(AbstractPlainSocketImpl.java:188):188
	at java.net.SocksSocketImpl.connect(SocksSocketImpl.java:392):392
	at java.net.Socket.connect(Socket.java:589):589
	at com.rabbitmq.client.ConnectionFactory.createFrameHandler(ConnectionFactory.java:445):445
	at com.rabbitmq.client.ConnectionFactory.newConnection(ConnectionFactory.java:504):504
	at com.rabbitmq.client.ConnectionFactory.newConnection(ConnectionFactory.java:533):533
	at sun.reflect.NativeMethodAccessorImpl.invoke0(Native Method):-2
	at sun.reflect.NativeMethodAccessorImpl.invoke(NativeMethodAccessorImpl.java:62):62
	at sun.reflect.DelegatingMethodAccessorImpl.invoke(DelegatingMethodAccessorImpl.java:43):43
	at java.lang.reflect.Method.invoke(Method.java:497):497
	at lucee.runtime.reflection.pairs.MethodInstance.invoke(MethodInstance.java:55):55
	at lucee.runtime.reflection.Reflector.callMethod(Reflector.java:857):857
	at lucee.runtime.util.VariableUtilImpl.callFunctionWithoutNamedValues(VariableUtilImpl.java:756):756
	at lucee.runtime.PageContextImpl.getFunction(PageContextImpl.java:1586):1586
	at consumer.cfml.application_cfc$cf.udfCall(/Users/lmajano/Sites/Presentations/messaging-polyglot/consumer/cfml/Application.cfc:15):15
	at lucee.runtime.type.UDFImpl.implementation(UDFImpl.java:111):111
	at lucee.runtime.type.UDFImpl._call(UDFImpl.java:328):328
	at lucee.runtime.type.UDFImpl.call(UDFImpl.java:229):229
	at lucee.runtime.ComponentImpl._call(ComponentImpl.java:641):641
	at lucee.runtime.ComponentImpl._call(ComponentImpl.java:524):524
	at lucee.runtime.ComponentImpl.call(ComponentImpl.java:1760):1760
	at lucee.runtime.listener.ModernAppListener.call(ModernAppListener.java:405):405
	at lucee.runtime.listener.ModernAppListener.onApplicationStart(ModernAppListener.java:283):283
	at lucee.runtime.PageContextImpl.initApplicationContext(PageContextImpl.java:2831):2831
	at lucee.runtime.listener.ModernAppListener._onRequest(ModernAppListener.java:118):118
	at lucee.runtime.listener.MixedAppListener.onRequest(MixedAppListener.java:35):35
	at lucee.runtime.PageContextImpl.execute(PageContextImpl.java:2254):2254
	at lucee.runtime.PageContextImpl.execute(PageContextImpl.java:2221):2221
	at lucee.runtime.engine.CFMLEngineImpl.serviceCFML(CFMLEngineImpl.java:456):456
	at lucee.loader.servlet.CFMLServlet.service(Unknown Source):-1
	at javax.servlet.http.HttpServlet.service(HttpServlet.java:725):725
	at org.apache.catalina.core.ApplicationFilterChain.internalDoFilter(ApplicationFilterChain.java:291):291
	at org.apache.catalina.core.ApplicationFilterChain.doFilter(ApplicationFilterChain.java:206):206
	at org.apache.tomcat.websocket.server.WsFilter.doFilter(WsFilter.java:52):52
	at org.apache.catalina.core.ApplicationFilterChain.internalDoFilter(ApplicationFilterChain.java:239):239
	at org.apache.catalina.core.ApplicationFilterChain.doFilter(ApplicationFilterChain.java:206):206
	at sun.reflect.NativeMethodAccessorImpl.invoke0(Native Method):-2
	at sun.reflect.NativeMethodAccessorImpl.invoke(NativeMethodAccessorImpl.java:62):62
	at sun.reflect.DelegatingMethodAccessorImpl.invoke(DelegatingMethodAccessorImpl.java:43):43
	at java.lang.reflect.Method.invoke(Method.java:497):497
	at com.intergral.fusionreactor.j2ee.filterchain.WrappedFilterChain.doFilter(WrappedFilterChain.java:97):97
	at com.intergral.fusionreactor.j2ee.filter.FusionReactorRequestHandler.doNext(FusionReactorRequestHandler.java:472):472
	at com.intergral.fusionreactor.j2ee.filter.FusionReactorRequestHandler.doHttpServletRequest(FusionReactorRequestHandler.java:312):312
	at com.intergral.fusionreactor.j2ee.filter.FusionReactorRequestHandler.doFusionRequest(FusionReactorRequestHandler.java:192):192
	at com.intergral.fusionreactor.j2ee.filter.FusionReactorRequestHandler.handle(FusionReactorRequestHandler.java:507):507
	at com.intergral.fusionreactor.j2ee.filter.FusionReactorCoreFilter.doFilter(FusionReactorCoreFilter.java:36):36
	at sun.reflect.NativeMethodAccessorImpl.invoke0(Native Method):-2
	at sun.reflect.NativeMethodAccessorImpl.invoke(NativeMethodAccessorImpl.java:62):62
	at sun.reflect.DelegatingMethodAccessorImpl.invoke(DelegatingMethodAccessorImpl.java:43):43
	at java.lang.reflect.Method.invoke(Method.java:497):497
	at com.intergral.fusionreactor.j2ee.filterchain.WrappedFilterChain.doFilter(WrappedFilterChain.java:79):79
	at sun.reflect.NativeMethodAccessorImpl.invoke0(Native Method):-2
	at sun.reflect.NativeMethodAccessorImpl.invoke(NativeMethodAccessorImpl.java:62):62
	at sun.reflect.DelegatingMethodAccessorImpl.invoke(DelegatingMethodAccessorImpl.java:43):43
	at java.lang.reflect.Method.invoke(Method.java:497):497
	at com.intergral.fusionreactor.agent.filter.FusionReactorStaticFilter.doFilter(FusionReactorStaticFilter.java:53):53
	at com.intergral.fusionreactor.agent.pointcuts.NewFilterChainPointCut$1.invoke(NewFilterChainPointCut.java:41):41
	at org.apache.catalina.core.ApplicationFilterChain.doFilter(ApplicationFilterChain.java):-1
	at org.apache.catalina.core.StandardWrapperValve.invoke(StandardWrapperValve.java:219):219
	at org.apache.catalina.core.StandardContextValve.invoke(StandardContextValve.java:106):106
	at org.apache.catalina.authenticator.AuthenticatorBase.invoke(AuthenticatorBase.java:501):501
	at org.apache.catalina.core.StandardHostValve.invoke(StandardHostValve.java:142):142
	at org.apache.catalina.valves.ErrorReportValve.invoke(ErrorReportValve.java:79):79
	at org.apache.catalina.core.StandardEngineValve.invoke(StandardEngineValve.java:88):88
	at org.apache.catalina.connector.CoyoteAdapter.service(CoyoteAdapter.java:537):537
	at org.apache.coyote.http11.AbstractHttp11Processor.process(AbstractHttp11Processor.java:1085):1085
	at org.apache.coyote.AbstractProtocol$AbstractConnectionHandler.process(AbstractProtocol.java:658):658
	at org.apache.coyote.http11.Http11NioProtocol$Http11ConnectionHandler.process(Http11NioProtocol.java:222):222
	at org.apache.tomcat.util.net.NioEndpoint$SocketProcessor.doRun(NioEndpoint.java:1556):1556
	at org.apache.tomcat.util.net.NioEndpoint$SocketProcessor.run(NioEndpoint.java:1513):1513
	at java.util.concurrent.ThreadPoolExecutor.runWorker(ThreadPoolExecutor.java:1142):1142
	at java.util.concurrent.ThreadPoolExecutor$Worker.run(ThreadPoolExecutor.java:617):617
	at org.apache.tomcat.util.threads.TaskThread$WrappingRunnable.run(TaskThread.java:61):61
	at java.lang.Thread.run(Thread.java:745):745
"
"ERROR","http-nio-8888-exec-6","05/14/2015","14:11:46","",";Page /consumer/cfml/index.cfm [/Users/lmajano/Sites/Presentations/messaging-polyglot/consumer/cfml/index.cfm] not found;Page /consumer/cfml/index.cfm [/Users/lmajano/Sites/Presentations/messaging-polyglot/consumer/cfml/index.cfm] not found
	at lucee.runtime.PageSourceImpl.loadPage(PageSourceImpl.java:915):915
	at lucee.runtime.PageContextImpl.doInclude(PageContextImpl.java:944):944
	at lucee.runtime.PageContextImpl.doInclude(PageContextImpl.java:900):900
	at lucee.runtime.listener.ModernAppListener._onRequest(ModernAppListener.java:223):223
	at lucee.runtime.listener.MixedAppListener.onRequest(MixedAppListener.java:35):35
	at lucee.runtime.PageContextImpl.execute(PageContextImpl.java:2254):2254
	at lucee.runtime.PageContextImpl.execute(PageContextImpl.java:2221):2221
	at lucee.runtime.engine.CFMLEngineImpl.serviceCFML(CFMLEngineImpl.java:456):456
	at lucee.loader.servlet.CFMLServlet.service(Unknown Source):-1
	at javax.servlet.http.HttpServlet.service(HttpServlet.java:725):725
	at org.apache.catalina.core.ApplicationFilterChain.internalDoFilter(ApplicationFilterChain.java:291):291
	at org.apache.catalina.core.ApplicationFilterChain.doFilter(ApplicationFilterChain.java:206):206
	at org.apache.tomcat.websocket.server.WsFilter.doFilter(WsFilter.java:52):52
	at org.apache.catalina.core.ApplicationFilterChain.internalDoFilter(ApplicationFilterChain.java:239):239
	at org.apache.catalina.core.ApplicationFilterChain.doFilter(ApplicationFilterChain.java:206):206
	at sun.reflect.NativeMethodAccessorImpl.invoke0(Native Method):-2
	at sun.reflect.NativeMethodAccessorImpl.invoke(NativeMethodAccessorImpl.java:62):62
	at sun.reflect.DelegatingMethodAccessorImpl.invoke(DelegatingMethodAccessorImpl.java:43):43
	at java.lang.reflect.Method.invoke(Method.java:497):497
	at com.intergral.fusionreactor.j2ee.filterchain.WrappedFilterChain.doFilter(WrappedFilterChain.java:97):97
	at com.intergral.fusionreactor.j2ee.filter.FusionReactorRequestHandler.doNext(FusionReactorRequestHandler.java:472):472
	at com.intergral.fusionreactor.j2ee.filter.FusionReactorRequestHandler.doHttpServletRequest(FusionReactorRequestHandler.java:312):312
	at com.intergral.fusionreactor.j2ee.filter.FusionReactorRequestHandler.doFusionRequest(FusionReactorRequestHandler.java:192):192
	at com.intergral.fusionreactor.j2ee.filter.FusionReactorRequestHandler.handle(FusionReactorRequestHandler.java:507):507
	at com.intergral.fusionreactor.j2ee.filter.FusionReactorCoreFilter.doFilter(FusionReactorCoreFilter.java:36):36
	at sun.reflect.NativeMethodAccessorImpl.invoke0(Native Method):-2
	at sun.reflect.NativeMethodAccessorImpl.invoke(NativeMethodAccessorImpl.java:62):62
	at sun.reflect.DelegatingMethodAccessorImpl.invoke(DelegatingMethodAccessorImpl.java:43):43
	at java.lang.reflect.Method.invoke(Method.java:497):497
	at com.intergral.fusionreactor.j2ee.filterchain.WrappedFilterChain.doFilter(WrappedFilterChain.java:79):79
	at sun.reflect.NativeMethodAccessorImpl.invoke0(Native Method):-2
	at sun.reflect.NativeMethodAccessorImpl.invoke(NativeMethodAccessorImpl.java:62):62
	at sun.reflect.DelegatingMethodAccessorImpl.invoke(DelegatingMethodAccessorImpl.java:43):43
	at java.lang.reflect.Method.invoke(Method.java:497):497
	at com.intergral.fusionreactor.agent.filter.FusionReactorStaticFilter.doFilter(FusionReactorStaticFilter.java:53):53
	at com.intergral.fusionreactor.agent.pointcuts.NewFilterChainPointCut$1.invoke(NewFilterChainPointCut.java:41):41
	at org.apache.catalina.core.ApplicationFilterChain.doFilter(ApplicationFilterChain.java):-1
	at org.apache.catalina.core.StandardWrapperValve.invoke(StandardWrapperValve.java:219):219
	at org.apache.catalina.core.StandardContextValve.invoke(StandardContextValve.java:106):106
	at org.apache.catalina.authenticator.AuthenticatorBase.invoke(AuthenticatorBase.java:501):501
	at org.apache.catalina.core.StandardHostValve.invoke(StandardHostValve.java:142):142
	at org.apache.catalina.valves.ErrorReportValve.invoke(ErrorReportValve.java:79):79
	at org.apache.catalina.core.StandardEngineValve.invoke(StandardEngineValve.java:88):88
	at org.apache.catalina.connector.CoyoteAdapter.service(CoyoteAdapter.java:537):537
	at org.apache.coyote.http11.AbstractHttp11Processor.process(AbstractHttp11Processor.java:1085):1085
	at org.apache.coyote.AbstractProtocol$AbstractConnectionHandler.process(AbstractProtocol.java:658):658
	at org.apache.coyote.http11.Http11NioProtocol$Http11ConnectionHandler.process(Http11NioProtocol.java:222):222
	at org.apache.tomcat.util.net.NioEndpoint$SocketProcessor.doRun(NioEndpoint.java:1556):1556
	at org.apache.tomcat.util.net.NioEndpoint$SocketProcessor.run(NioEndpoint.java:1513):1513
	at java.util.concurrent.ThreadPoolExecutor.runWorker(ThreadPoolExecutor.java:1142):1142
	at java.util.concurrent.ThreadPoolExecutor$Worker.run(ThreadPoolExecutor.java:617):617
	at org.apache.tomcat.util.threads.TaskThread$WrappingRunnable.run(TaskThread.java:61):61
	at java.lang.Thread.run(Thread.java:745):745
"
